# JRE version: Java(TM) SE Runtime Environment (17.0.8+9) (build 17.0.8+9-LTS-211)
# Java VM: Java HotSpot(TM) 64-Bit Server VM (17.0.8+9-LTS-211, mixed mode, sharing, tiered, compressed oops, compressed class ptrs, g1 gc, windows-amd64)
GC Precious Log:
 CPUs: 8 total, 8 available
 Memory: 8112M
 Large Page Support: Disabled
 NUMA Support: Disabled
 Compressed Oops: Enabled (32-bit)
 Heap Region Size: 1M
 Heap Min Capacity: 8M
 Heap Initial Capacity: 128M
 Heap Max Capacity: 2030M
 Pre-touch: Disabled
 Parallel Workers: 8
 Concurrent Workers: 2
 Concurrent Refinement Workers: 8
 Periodic GC: Disabled
Heap:
 garbage-first heap   total 143360K, used 83859K [0x0000000081200000, 0x0000000100000000)
  region size 1024K, 1 young (1024K), 1 survivors (1024K)
 Metaspace       used 7017K, committed 7296K, reserved 1114112K
  class space    used 771K, committed 896K, reserved 1048576K
GC Heap History (11 events):
Event: 0.654 GC heap before
{Heap before GC invocations=0 (full 0):
 garbage-first heap   total 131072K, used 63488K [0x0000000081200000, 0x0000000100000000)
  region size 1024K, 8 young (8192K), 0 survivors (0K)
 Metaspace       used 7005K, committed 7168K, reserved 1114112K
  class space    used 770K, committed 896K, reserved 1048576K
}
Event: 0.656 GC heap after
{Heap after GC invocations=1 (full 0):
 garbage-first heap   total 131072K, used 58329K [0x0000000081200000, 0x0000000100000000)
  region size 1024K, 2 young (2048K), 2 survivors (2048K)
 Metaspace       used 7005K, committed 7168K, reserved 1114112K
  class space    used 770K, committed 896K, reserved 1048576K
}
Event: 0.675 GC heap before
{Heap before GC invocations=1 (full 0):
 garbage-first heap   total 131072K, used 63449K [0x0000000081200000, 0x0000000100000000)
  region size 1024K, 3 young (3072K), 2 survivors (2048K)
 Metaspace       used 7010K, committed 7232K, reserved 1114112K
  class space    used 770K, committed 896K, reserved 1048576K
}
Event: 0.677 GC heap after
{Heap after GC invocations=2 (full 0):
 garbage-first heap   total 131072K, used 63573K [0x0000000081200000, 0x0000000100000000)
  region size 1024K, 1 young (1024K), 1 survivors (1024K)
 Metaspace       used 7010K, committed 7232K, reserved 1114112K
  class space    used 770K, committed 896K, reserved 1048576K
}
Event: 0.695 GC heap before
{Heap before GC invocations=3 (full 0):
 garbage-first heap   total 131072K, used 68693K [0x0000000081200000, 0x0000000100000000)
  region size 1024K, 2 young (2048K), 1 survivors (1024K)
 Metaspace       used 7010K, committed 7232K, reserved 1114112K
  class space    used 770K, committed 896K, reserved 1048576K
}
Event: 0.695 GC heap after
{Heap after GC invocations=4 (full 0):
 garbage-first heap   total 131072K, used 68553K [0x0000000081200000, 0x0000000100000000)
  region size 1024K, 1 young (1024K), 1 survivors (1024K)
 Metaspace       used 7010K, committed 7232K, reserved 1114112K
  class space    used 770K, committed 896K, reserved 1048576K
}
Event: 0.713 GC heap before
{Heap before GC invocations=5 (full 0):
 garbage-first heap   total 131072K, used 73673K [0x0000000081200000, 0x0000000100000000)
  region size 1024K, 2 young (2048K), 1 survivors (1024K)
 Metaspace       used 7013K, committed 7296K, reserved 1114112K
  class space    used 770K, committed 896K, reserved 1048576K
}
Event: 0.714 GC heap after
{Heap after GC invocations=6 (full 0):
 garbage-first heap   total 131072K, used 73628K [0x0000000081200000, 0x0000000100000000)
  region size 1024K, 1 young (1024K), 1 survivors (1024K)
 Metaspace       used 7013K, committed 7296K, reserved 1114112K
  class space    used 770K, committed 896K, reserved 1048576K
}
Event: 0.732 GC heap before
{Heap before GC invocations=7 (full 0):
 garbage-first heap   total 135168K, used 78748K [0x0000000081200000, 0x0000000100000000)
  region size 1024K, 2 young (2048K), 1 survivors (1024K)
 Metaspace       used 7017K, committed 7296K, reserved 1114112K
  class space    used 771K, committed 896K, reserved 1048576K
}
Event: 0.733 GC heap after
{Heap after GC invocations=8 (full 0):
 garbage-first heap   total 135168K, used 78736K [0x0000000081200000, 0x0000000100000000)
  region size 1024K, 1 young (1024K), 1 survivors (1024K)
 Metaspace       used 7017K, committed 7296K, reserved 1114112K
  class space    used 771K, committed 896K, reserved 1048576K
}
Event: 0.751 GC heap before
{Heap before GC invocations=9 (full 0):
 garbage-first heap   total 143360K, used 83856K [0x0000000081200000, 0x0000000100000000)
  region size 1024K, 2 young (2048K), 1 survivors (1024K)
 Metaspace       used 7017K, committed 7296K, reserved 1114112K
  class space    used 771K, committed 896K, reserved 1048576K
}

